[debug] [2023-02-20T05:59:36.997Z] ----------------------------------------------------------------------
[debug] [2023-02-20T05:59:37.005Z] Command:       /Users/admin/.nvm/versions/node/v16.16.0/bin/node /Users/admin/.nvm/versions/node/v18.5.0/bin/firebase deploy
[debug] [2023-02-20T05:59:37.007Z] CLI Version:   11.23.1
[debug] [2023-02-20T05:59:37.007Z] Platform:      darwin
[debug] [2023-02-20T05:59:37.008Z] Node Version:  v16.16.0
[debug] [2023-02-20T05:59:37.011Z] Time:          Mon Feb 20 2023 12:59:37 GMT+0700 (Indochina Time)
[debug] [2023-02-20T05:59:37.012Z] ----------------------------------------------------------------------
[debug] 
[debug] [2023-02-20T05:59:37.224Z] > command requires scopes: ["email","openid","https://www.googleapis.com/auth/cloudplatformprojects.readonly","https://www.googleapis.com/auth/firebase","https://www.googleapis.com/auth/cloud-platform"]
[debug] [2023-02-20T05:59:37.227Z] > authorizing via signed-in user (contactaaronmcpherson@gmail.com)
[debug] [2023-02-20T05:59:37.227Z] [iam] checking project combatlink for permissions ["cloudconfig.configs.get","cloudconfig.configs.update","cloudfunctions.functions.create","cloudfunctions.functions.delete","cloudfunctions.functions.get","cloudfunctions.functions.list","cloudfunctions.functions.update","cloudfunctions.operations.get","datastore.indexes.create","datastore.indexes.delete","datastore.indexes.list","datastore.indexes.update","firebase.projects.get","firebasehosting.sites.update"]
[debug] [2023-02-20T05:59:37.235Z] >>> [apiv2][query] POST https://cloudresourcemanager.googleapis.com/v1/projects/combatlink:testIamPermissions [none]
[debug] [2023-02-20T05:59:37.235Z] >>> [apiv2][(partial)header] POST https://cloudresourcemanager.googleapis.com/v1/projects/combatlink:testIamPermissions x-goog-quota-user=projects/combatlink
[debug] [2023-02-20T05:59:37.236Z] >>> [apiv2][body] POST https://cloudresourcemanager.googleapis.com/v1/projects/combatlink:testIamPermissions {"permissions":["cloudconfig.configs.get","cloudconfig.configs.update","cloudfunctions.functions.create","cloudfunctions.functions.delete","cloudfunctions.functions.get","cloudfunctions.functions.list","cloudfunctions.functions.update","cloudfunctions.operations.get","datastore.indexes.create","datastore.indexes.delete","datastore.indexes.list","datastore.indexes.update","firebase.projects.get","firebasehosting.sites.update"]}
[debug] [2023-02-20T05:59:38.804Z] <<< [apiv2][status] POST https://cloudresourcemanager.googleapis.com/v1/projects/combatlink:testIamPermissions 200
[debug] [2023-02-20T05:59:38.805Z] <<< [apiv2][body] POST https://cloudresourcemanager.googleapis.com/v1/projects/combatlink:testIamPermissions {"permissions":["cloudconfig.configs.get","cloudconfig.configs.update","cloudfunctions.functions.create","cloudfunctions.functions.delete","cloudfunctions.functions.get","cloudfunctions.functions.list","cloudfunctions.functions.update","cloudfunctions.operations.get","datastore.indexes.create","datastore.indexes.delete","datastore.indexes.list","datastore.indexes.update","firebase.projects.get","firebasehosting.sites.update"]}
[debug] [2023-02-20T05:59:38.807Z] >>> [apiv2][query] POST https://iam.googleapis.com/v1/projects/combatlink/serviceAccounts/combatlink@appspot.gserviceaccount.com:testIamPermissions [none]
[debug] [2023-02-20T05:59:38.807Z] >>> [apiv2][body] POST https://iam.googleapis.com/v1/projects/combatlink/serviceAccounts/combatlink@appspot.gserviceaccount.com:testIamPermissions {"permissions":["iam.serviceAccounts.actAs"]}
[debug] [2023-02-20T05:59:40.120Z] <<< [apiv2][status] POST https://iam.googleapis.com/v1/projects/combatlink/serviceAccounts/combatlink@appspot.gserviceaccount.com:testIamPermissions 200
[debug] [2023-02-20T05:59:40.120Z] <<< [apiv2][body] POST https://iam.googleapis.com/v1/projects/combatlink/serviceAccounts/combatlink@appspot.gserviceaccount.com:testIamPermissions {"permissions":["iam.serviceAccounts.actAs"]}
[debug] [2023-02-20T05:59:40.124Z] >>> [apiv2][query] GET https://firebase.googleapis.com/v1beta1/projects/combatlink [none]
[debug] [2023-02-20T05:59:40.793Z] <<< [apiv2][status] GET https://firebase.googleapis.com/v1beta1/projects/combatlink 200
[debug] [2023-02-20T05:59:40.793Z] <<< [apiv2][body] GET https://firebase.googleapis.com/v1beta1/projects/combatlink {"projectId":"combatlink","projectNumber":"493889530511","displayName":"combatlink","name":"projects/combatlink","resources":{"hostingSite":"combatlink"},"state":"ACTIVE","etag":"1_b060ef5b-cb9f-46f8-864e-1acdd8e8ae5b"}
[debug] [2023-02-20T06:00:22.243Z] defaultcredentials: writing to file /Users/admin/.config/firebase/contactaaronmcpherson_gmail_com_application_default_credentials.json
[debug] [2023-02-20T06:00:22.319Z] >>> [apiv2][query] GET https://firebasehosting.googleapis.com/v1beta1/projects/combatlink/sites pageToken=&pageSize=10
[debug] [2023-02-20T06:00:23.380Z] <<< [apiv2][status] GET https://firebasehosting.googleapis.com/v1beta1/projects/combatlink/sites 200
[debug] [2023-02-20T06:00:23.381Z] <<< [apiv2][body] GET https://firebasehosting.googleapis.com/v1beta1/projects/combatlink/sites {"sites":[{"name":"projects/combatlink/sites/combatlink","defaultUrl":"https://combatlink.web.app","appId":"1:493889530511:web:dc260f87766240f2c31efa","type":"DEFAULT_SITE"}]}
[debug] [2023-02-20T06:00:23.383Z] >>> [apiv2][query] GET https://firebase.googleapis.com/v1beta1/projects/-/webApps/1:493889530511:web:dc260f87766240f2c31efa/config [none]
[debug] [2023-02-20T06:00:24.861Z] <<< [apiv2][status] GET https://firebase.googleapis.com/v1beta1/projects/-/webApps/1:493889530511:web:dc260f87766240f2c31efa/config 200
[debug] [2023-02-20T06:00:24.861Z] <<< [apiv2][body] GET https://firebase.googleapis.com/v1beta1/projects/-/webApps/1:493889530511:web:dc260f87766240f2c31efa/config {"projectId":"combatlink","appId":"1:493889530511:web:dc260f87766240f2c31efa","storageBucket":"combatlink.appspot.com","apiKey":"AIzaSyAwGDgDV7Nt2a-sFHKyju1WbPDks06JA88","authDomain":"combatlink.firebaseapp.com","messagingSenderId":"493889530511"}
[debug] [2023-02-20T06:02:42.464Z] Error: Export encountered errors on following paths:
	/page: /
    at /Users/admin/Documents/projects/combat-link/node_modules/.pnpm/next@13.1.6_biqbaboplfbrettd7655fr4n2y/node_modules/next/dist/export/index.js:415:19
    at processTicksAndRejections (node:internal/process/task_queues:96:5)
    at async Span.traceAsyncFn (/Users/admin/Documents/projects/combat-link/node_modules/.pnpm/next@13.1.6_biqbaboplfbrettd7655fr4n2y/node_modules/next/dist/trace/trace.js:79:20)
    at async /Users/admin/Documents/projects/combat-link/node_modules/.pnpm/next@13.1.6_biqbaboplfbrettd7655fr4n2y/node_modules/next/dist/build/index.js:1400:21
    at async Span.traceAsyncFn (/Users/admin/Documents/projects/combat-link/node_modules/.pnpm/next@13.1.6_biqbaboplfbrettd7655fr4n2y/node_modules/next/dist/trace/trace.js:79:20)
    at async /Users/admin/Documents/projects/combat-link/node_modules/.pnpm/next@13.1.6_biqbaboplfbrettd7655fr4n2y/node_modules/next/dist/build/index.js:1259:17
    at async Span.traceAsyncFn (/Users/admin/Documents/projects/combat-link/node_modules/.pnpm/next@13.1.6_biqbaboplfbrettd7655fr4n2y/node_modules/next/dist/trace/trace.js:79:20)
    at async build (/Users/admin/Documents/projects/combat-link/node_modules/.pnpm/next@13.1.6_biqbaboplfbrettd7655fr4n2y/node_modules/next/dist/build/index.js:66:29)
    at async build (/Users/admin/.nvm/versions/node/v18.5.0/lib/node_modules/firebase-tools/lib/frameworks/next/index.js:55:5)
    at async prepareFrameworks (/Users/admin/.nvm/versions/node/v18.5.0/lib/node_modules/firebase-tools/lib/frameworks/index.js:248:108)
    at async deploy (/Users/admin/.nvm/versions/node/v18.5.0/lib/node_modules/firebase-tools/lib/deploy/index.js:53:13)
[error] 
[error] Error: An unexpected error has occurred.
[debug] [2023-02-20T06:04:47.516Z] ----------------------------------------------------------------------
[debug] [2023-02-20T06:04:47.537Z] Command:       /Users/admin/.nvm/versions/node/v16.16.0/bin/node /Users/admin/.nvm/versions/node/v18.5.0/bin/firebase deploy
[debug] [2023-02-20T06:04:47.539Z] CLI Version:   11.23.1
[debug] [2023-02-20T06:04:47.540Z] Platform:      darwin
[debug] [2023-02-20T06:04:47.540Z] Node Version:  v16.16.0
[debug] [2023-02-20T06:04:47.568Z] Time:          Mon Feb 20 2023 13:04:47 GMT+0700 (Indochina Time)
[debug] [2023-02-20T06:04:47.569Z] ----------------------------------------------------------------------
[debug] 
[debug] [2023-02-20T06:04:48.942Z] > command requires scopes: ["email","openid","https://www.googleapis.com/auth/cloudplatformprojects.readonly","https://www.googleapis.com/auth/firebase","https://www.googleapis.com/auth/cloud-platform"]
[debug] [2023-02-20T06:04:48.943Z] > authorizing via signed-in user (contactaaronmcpherson@gmail.com)
[debug] [2023-02-20T06:04:48.944Z] [iam] checking project combatlink for permissions ["cloudconfig.configs.get","cloudconfig.configs.update","cloudfunctions.functions.create","cloudfunctions.functions.delete","cloudfunctions.functions.get","cloudfunctions.functions.list","cloudfunctions.functions.update","cloudfunctions.operations.get","datastore.indexes.create","datastore.indexes.delete","datastore.indexes.list","datastore.indexes.update","firebase.projects.get","firebasehosting.sites.update"]
[debug] [2023-02-20T06:04:48.966Z] >>> [apiv2][query] POST https://cloudresourcemanager.googleapis.com/v1/projects/combatlink:testIamPermissions [none]
[debug] [2023-02-20T06:04:48.967Z] >>> [apiv2][(partial)header] POST https://cloudresourcemanager.googleapis.com/v1/projects/combatlink:testIamPermissions x-goog-quota-user=projects/combatlink
[debug] [2023-02-20T06:04:48.967Z] >>> [apiv2][body] POST https://cloudresourcemanager.googleapis.com/v1/projects/combatlink:testIamPermissions {"permissions":["cloudconfig.configs.get","cloudconfig.configs.update","cloudfunctions.functions.create","cloudfunctions.functions.delete","cloudfunctions.functions.get","cloudfunctions.functions.list","cloudfunctions.functions.update","cloudfunctions.operations.get","datastore.indexes.create","datastore.indexes.delete","datastore.indexes.list","datastore.indexes.update","firebase.projects.get","firebasehosting.sites.update"]}
[debug] [2023-02-20T06:04:51.240Z] <<< [apiv2][status] POST https://cloudresourcemanager.googleapis.com/v1/projects/combatlink:testIamPermissions 200
[debug] [2023-02-20T06:04:51.241Z] <<< [apiv2][body] POST https://cloudresourcemanager.googleapis.com/v1/projects/combatlink:testIamPermissions {"permissions":["cloudconfig.configs.get","cloudconfig.configs.update","cloudfunctions.functions.create","cloudfunctions.functions.delete","cloudfunctions.functions.get","cloudfunctions.functions.list","cloudfunctions.functions.update","cloudfunctions.operations.get","datastore.indexes.create","datastore.indexes.delete","datastore.indexes.list","datastore.indexes.update","firebase.projects.get","firebasehosting.sites.update"]}
[debug] [2023-02-20T06:04:51.243Z] >>> [apiv2][query] POST https://iam.googleapis.com/v1/projects/combatlink/serviceAccounts/combatlink@appspot.gserviceaccount.com:testIamPermissions [none]
[debug] [2023-02-20T06:04:51.244Z] >>> [apiv2][body] POST https://iam.googleapis.com/v1/projects/combatlink/serviceAccounts/combatlink@appspot.gserviceaccount.com:testIamPermissions {"permissions":["iam.serviceAccounts.actAs"]}
[debug] [2023-02-20T06:04:52.470Z] <<< [apiv2][status] POST https://iam.googleapis.com/v1/projects/combatlink/serviceAccounts/combatlink@appspot.gserviceaccount.com:testIamPermissions 200
[debug] [2023-02-20T06:04:52.470Z] <<< [apiv2][body] POST https://iam.googleapis.com/v1/projects/combatlink/serviceAccounts/combatlink@appspot.gserviceaccount.com:testIamPermissions {"permissions":["iam.serviceAccounts.actAs"]}
[debug] [2023-02-20T06:04:52.487Z] >>> [apiv2][query] GET https://firebase.googleapis.com/v1beta1/projects/combatlink [none]
[debug] [2023-02-20T06:04:53.791Z] <<< [apiv2][status] GET https://firebase.googleapis.com/v1beta1/projects/combatlink 200
[debug] [2023-02-20T06:04:53.791Z] <<< [apiv2][body] GET https://firebase.googleapis.com/v1beta1/projects/combatlink {"projectId":"combatlink","projectNumber":"493889530511","displayName":"combatlink","name":"projects/combatlink","resources":{"hostingSite":"combatlink"},"state":"ACTIVE","etag":"1_b060ef5b-cb9f-46f8-864e-1acdd8e8ae5b"}
[debug] [2023-02-20T06:05:50.670Z] defaultcredentials: writing to file /Users/admin/.config/firebase/contactaaronmcpherson_gmail_com_application_default_credentials.json
[debug] [2023-02-20T06:05:50.716Z] >>> [apiv2][query] GET https://firebasehosting.googleapis.com/v1beta1/projects/combatlink/sites pageToken=&pageSize=10
[debug] [2023-02-20T06:05:51.827Z] <<< [apiv2][status] GET https://firebasehosting.googleapis.com/v1beta1/projects/combatlink/sites 200
[debug] [2023-02-20T06:05:51.828Z] <<< [apiv2][body] GET https://firebasehosting.googleapis.com/v1beta1/projects/combatlink/sites {"sites":[{"name":"projects/combatlink/sites/combatlink","defaultUrl":"https://combatlink.web.app","appId":"1:493889530511:web:dc260f87766240f2c31efa","type":"DEFAULT_SITE"}]}
[debug] [2023-02-20T06:05:51.830Z] >>> [apiv2][query] GET https://firebase.googleapis.com/v1beta1/projects/-/webApps/1:493889530511:web:dc260f87766240f2c31efa/config [none]
[debug] [2023-02-20T06:05:53.278Z] <<< [apiv2][status] GET https://firebase.googleapis.com/v1beta1/projects/-/webApps/1:493889530511:web:dc260f87766240f2c31efa/config 200
[debug] [2023-02-20T06:05:53.278Z] <<< [apiv2][body] GET https://firebase.googleapis.com/v1beta1/projects/-/webApps/1:493889530511:web:dc260f87766240f2c31efa/config {"projectId":"combatlink","appId":"1:493889530511:web:dc260f87766240f2c31efa","storageBucket":"combatlink.appspot.com","apiKey":"AIzaSyAwGDgDV7Nt2a-sFHKyju1WbPDks06JA88","authDomain":"combatlink.firebaseapp.com","messagingSenderId":"493889530511"}
[debug] [2023-02-20T06:08:52.253Z] Error: Export encountered errors on following paths:
	/page: /
    at /Users/admin/Documents/projects/combat-link/node_modules/.pnpm/next@13.1.6_biqbaboplfbrettd7655fr4n2y/node_modules/next/dist/export/index.js:415:19
    at processTicksAndRejections (node:internal/process/task_queues:96:5)
    at async Span.traceAsyncFn (/Users/admin/Documents/projects/combat-link/node_modules/.pnpm/next@13.1.6_biqbaboplfbrettd7655fr4n2y/node_modules/next/dist/trace/trace.js:79:20)
    at async /Users/admin/Documents/projects/combat-link/node_modules/.pnpm/next@13.1.6_biqbaboplfbrettd7655fr4n2y/node_modules/next/dist/build/index.js:1400:21
    at async Span.traceAsyncFn (/Users/admin/Documents/projects/combat-link/node_modules/.pnpm/next@13.1.6_biqbaboplfbrettd7655fr4n2y/node_modules/next/dist/trace/trace.js:79:20)
    at async /Users/admin/Documents/projects/combat-link/node_modules/.pnpm/next@13.1.6_biqbaboplfbrettd7655fr4n2y/node_modules/next/dist/build/index.js:1259:17
    at async Span.traceAsyncFn (/Users/admin/Documents/projects/combat-link/node_modules/.pnpm/next@13.1.6_biqbaboplfbrettd7655fr4n2y/node_modules/next/dist/trace/trace.js:79:20)
    at async build (/Users/admin/Documents/projects/combat-link/node_modules/.pnpm/next@13.1.6_biqbaboplfbrettd7655fr4n2y/node_modules/next/dist/build/index.js:66:29)
    at async build (/Users/admin/.nvm/versions/node/v18.5.0/lib/node_modules/firebase-tools/lib/frameworks/next/index.js:55:5)
    at async prepareFrameworks (/Users/admin/.nvm/versions/node/v18.5.0/lib/node_modules/firebase-tools/lib/frameworks/index.js:248:108)
    at async deploy (/Users/admin/.nvm/versions/node/v18.5.0/lib/node_modules/firebase-tools/lib/deploy/index.js:53:13)
[error] 
[error] Error: An unexpected error has occurred.
[debug] [2023-02-20T06:14:01.335Z] ----------------------------------------------------------------------
[debug] [2023-02-20T06:14:01.339Z] Command:       /Users/admin/.nvm/versions/node/v16.16.0/bin/node /Users/admin/.nvm/versions/node/v18.5.0/bin/firebase deploy
[debug] [2023-02-20T06:14:01.339Z] CLI Version:   11.23.1
[debug] [2023-02-20T06:14:01.340Z] Platform:      darwin
[debug] [2023-02-20T06:14:01.340Z] Node Version:  v16.16.0
[debug] [2023-02-20T06:14:01.342Z] Time:          Mon Feb 20 2023 13:14:01 GMT+0700 (Indochina Time)
[debug] [2023-02-20T06:14:01.342Z] ----------------------------------------------------------------------
[debug] 
[debug] [2023-02-20T06:14:01.452Z] > command requires scopes: ["email","openid","https://www.googleapis.com/auth/cloudplatformprojects.readonly","https://www.googleapis.com/auth/firebase","https://www.googleapis.com/auth/cloud-platform"]
[debug] [2023-02-20T06:14:01.453Z] > authorizing via signed-in user (contactaaronmcpherson@gmail.com)
[debug] [2023-02-20T06:14:01.453Z] [iam] checking project combatlink for permissions ["cloudconfig.configs.get","cloudconfig.configs.update","cloudfunctions.functions.create","cloudfunctions.functions.delete","cloudfunctions.functions.get","cloudfunctions.functions.list","cloudfunctions.functions.update","cloudfunctions.operations.get","datastore.indexes.create","datastore.indexes.delete","datastore.indexes.list","datastore.indexes.update","firebase.projects.get","firebasehosting.sites.update"]
[debug] [2023-02-20T06:14:01.457Z] >>> [apiv2][query] POST https://cloudresourcemanager.googleapis.com/v1/projects/combatlink:testIamPermissions [none]
[debug] [2023-02-20T06:14:01.458Z] >>> [apiv2][(partial)header] POST https://cloudresourcemanager.googleapis.com/v1/projects/combatlink:testIamPermissions x-goog-quota-user=projects/combatlink
[debug] [2023-02-20T06:14:01.458Z] >>> [apiv2][body] POST https://cloudresourcemanager.googleapis.com/v1/projects/combatlink:testIamPermissions {"permissions":["cloudconfig.configs.get","cloudconfig.configs.update","cloudfunctions.functions.create","cloudfunctions.functions.delete","cloudfunctions.functions.get","cloudfunctions.functions.list","cloudfunctions.functions.update","cloudfunctions.operations.get","datastore.indexes.create","datastore.indexes.delete","datastore.indexes.list","datastore.indexes.update","firebase.projects.get","firebasehosting.sites.update"]}
[debug] [2023-02-20T06:14:02.001Z] <<< [apiv2][status] POST https://cloudresourcemanager.googleapis.com/v1/projects/combatlink:testIamPermissions 200
[debug] [2023-02-20T06:14:02.002Z] <<< [apiv2][body] POST https://cloudresourcemanager.googleapis.com/v1/projects/combatlink:testIamPermissions {"permissions":["cloudconfig.configs.get","cloudconfig.configs.update","cloudfunctions.functions.create","cloudfunctions.functions.delete","cloudfunctions.functions.get","cloudfunctions.functions.list","cloudfunctions.functions.update","cloudfunctions.operations.get","datastore.indexes.create","datastore.indexes.delete","datastore.indexes.list","datastore.indexes.update","firebase.projects.get","firebasehosting.sites.update"]}
[debug] [2023-02-20T06:14:02.003Z] >>> [apiv2][query] POST https://iam.googleapis.com/v1/projects/combatlink/serviceAccounts/combatlink@appspot.gserviceaccount.com:testIamPermissions [none]
[debug] [2023-02-20T06:14:02.003Z] >>> [apiv2][body] POST https://iam.googleapis.com/v1/projects/combatlink/serviceAccounts/combatlink@appspot.gserviceaccount.com:testIamPermissions {"permissions":["iam.serviceAccounts.actAs"]}
[debug] [2023-02-20T06:14:03.253Z] <<< [apiv2][status] POST https://iam.googleapis.com/v1/projects/combatlink/serviceAccounts/combatlink@appspot.gserviceaccount.com:testIamPermissions 200
[debug] [2023-02-20T06:14:03.253Z] <<< [apiv2][body] POST https://iam.googleapis.com/v1/projects/combatlink/serviceAccounts/combatlink@appspot.gserviceaccount.com:testIamPermissions {"permissions":["iam.serviceAccounts.actAs"]}
[debug] [2023-02-20T06:14:03.255Z] >>> [apiv2][query] GET https://firebase.googleapis.com/v1beta1/projects/combatlink [none]
[debug] [2023-02-20T06:14:04.044Z] <<< [apiv2][status] GET https://firebase.googleapis.com/v1beta1/projects/combatlink 200
[debug] [2023-02-20T06:14:04.044Z] <<< [apiv2][body] GET https://firebase.googleapis.com/v1beta1/projects/combatlink {"projectId":"combatlink","projectNumber":"493889530511","displayName":"combatlink","name":"projects/combatlink","resources":{"hostingSite":"combatlink"},"state":"ACTIVE","etag":"1_b060ef5b-cb9f-46f8-864e-1acdd8e8ae5b"}
[debug] [2023-02-20T06:14:21.884Z] defaultcredentials: writing to file /Users/admin/.config/firebase/contactaaronmcpherson_gmail_com_application_default_credentials.json
[debug] [2023-02-20T06:14:21.956Z] >>> [apiv2][query] GET https://firebasehosting.googleapis.com/v1beta1/projects/combatlink/sites pageToken=&pageSize=10
[debug] [2023-02-20T06:14:23.426Z] <<< [apiv2][status] GET https://firebasehosting.googleapis.com/v1beta1/projects/combatlink/sites 200
[debug] [2023-02-20T06:14:23.427Z] <<< [apiv2][body] GET https://firebasehosting.googleapis.com/v1beta1/projects/combatlink/sites {"sites":[{"name":"projects/combatlink/sites/combatlink","defaultUrl":"https://combatlink.web.app","appId":"1:493889530511:web:dc260f87766240f2c31efa","type":"DEFAULT_SITE"}]}
[debug] [2023-02-20T06:14:23.428Z] >>> [apiv2][query] GET https://firebase.googleapis.com/v1beta1/projects/-/webApps/1:493889530511:web:dc260f87766240f2c31efa/config [none]
[debug] [2023-02-20T06:14:24.859Z] <<< [apiv2][status] GET https://firebase.googleapis.com/v1beta1/projects/-/webApps/1:493889530511:web:dc260f87766240f2c31efa/config 200
[debug] [2023-02-20T06:14:24.859Z] <<< [apiv2][body] GET https://firebase.googleapis.com/v1beta1/projects/-/webApps/1:493889530511:web:dc260f87766240f2c31efa/config {"projectId":"combatlink","appId":"1:493889530511:web:dc260f87766240f2c31efa","storageBucket":"combatlink.appspot.com","apiKey":"AIzaSyAwGDgDV7Nt2a-sFHKyju1WbPDks06JA88","authDomain":"combatlink.firebaseapp.com","messagingSenderId":"493889530511"}
